<?xml version="1.0" encoding="UTF-8"?>
<!-- Generated by org.testng.reporters.JUnitXMLReporter -->
<testsuite hostname="ROBLOX-T110467" ignored="0" name="Test" tests="1" failures="0" timestamp="2020-09-03T09:51:39 IST" time="2.855" errors="0">
  <testcase name="@BeforeMethod preCondition" time="2.762" classname="com.odoo.generic.BaseLib">
    <failure type="org.openqa.selenium.SessionNotCreatedException" message="session not created: This version of ChromeDriver only supports Chrome version 83
Build info: version: &amp;apos;3.141.59&amp;apos;, revision: &amp;apos;e82be7d358&amp;apos;, time: &amp;apos;2018-11-14T08:17:03&amp;apos;
System info: host: &amp;apos;ROBLOX-T110467&amp;apos;, ip: &amp;apos;192.168.29.59&amp;apos;, os.name: &amp;apos;Windows 10&amp;apos;, os.arch: &amp;apos;amd64&amp;apos;, os.version: &amp;apos;10.0&amp;apos;, java.version: &amp;apos;1.8.0_251&amp;apos;
Driver info: driver.version: ChromeDriver
remote stacktrace: Backtrace:
	Ordinal0 [0x00DC9563+2725219]
	Ordinal0 [0x00CC8551+1672529]
	Ordinal0 [0x00BB0359+525145]
	Ordinal0 [0x00B40B77+68471]
	Ordinal0 [0x00B3D32C+54060]
	Ordinal0 [0x00B5CC37+183351]
	Ordinal0 [0x00B5CA3D+182845]
	Ordinal0 [0x00B5A94B+174411]
	Ordinal0 [0x00B42528+75048]
	Ordinal0 [0x00B435A0+79264]
	Ordinal0 [0x00B43539+79161]
	Ordinal0 [0x00CDD607+1758727]
	GetHandleVerifier [0x00EE6546+1050150]
	GetHandleVerifier [0x00EE6291+1049457]
	GetHandleVerifier [0x00EF10D7+1094071]
	GetHandleVerifier [0x00EE6B46+1051686]
	Ordinal0 [0x00CD5B06+1727238]
	Ordinal0 [0x00CDEB7B+1764219]
	Ordinal0 [0x00CDECE3+1764579]
	Ordinal0 [0x00CF4C05+1854469]
	BaseThreadInitThunk [0x767A6359+25]
	RtlGetAppContainerNamedObjectPath [0x778B7C24+228]
	RtlGetAppContainerNamedObjectPath [0x778B7BF4+180]
">
      <![CDATA[org.openqa.selenium.SessionNotCreatedException: session not created: This version of ChromeDriver only supports Chrome version 83
Build info: version: '3.141.59', revision: 'e82be7d358', time: '2018-11-14T08:17:03'
System info: host: 'ROBLOX-T110467', ip: '192.168.29.59', os.name: 'Windows 10', os.arch: 'amd64', os.version: '10.0', java.version: '1.8.0_251'
Driver info: driver.version: ChromeDriver
remote stacktrace: Backtrace:
Ordinal0 [0x00DC9563+2725219]
Ordinal0 [0x00CC8551+1672529]
Ordinal0 [0x00BB0359+525145]
Ordinal0 [0x00B40B77+68471]
Ordinal0 [0x00B3D32C+54060]
Ordinal0 [0x00B5CC37+183351]
Ordinal0 [0x00B5CA3D+182845]
Ordinal0 [0x00B5A94B+174411]
Ordinal0 [0x00B42528+75048]
Ordinal0 [0x00B435A0+79264]
Ordinal0 [0x00B43539+79161]
Ordinal0 [0x00CDD607+1758727]
GetHandleVerifier [0x00EE6546+1050150]
GetHandleVerifier [0x00EE6291+1049457]
GetHandleVerifier [0x00EF10D7+1094071]
GetHandleVerifier [0x00EE6B46+1051686]
Ordinal0 [0x00CD5B06+1727238]
Ordinal0 [0x00CDEB7B+1764219]
Ordinal0 [0x00CDECE3+1764579]
Ordinal0 [0x00CF4C05+1854469]
BaseThreadInitThunk [0x767A6359+25]
RtlGetAppContainerNamedObjectPath [0x778B7C24+228]
RtlGetAppContainerNamedObjectPath [0x778B7BF4+180]

at org.openqa.selenium.remote.W3CHandshakeResponse.lambda$errorHandler$0(W3CHandshakeResponse.java:62)
at org.openqa.selenium.remote.HandshakeResponse.lambda$getResponseFunction$0(HandshakeResponse.java:30)
at org.openqa.selenium.remote.ProtocolHandshake.lambda$createSession$0(ProtocolHandshake.java:126)
at java.util.stream.ReferencePipeline$3$1.accept(Unknown Source)
at java.util.Spliterators$ArraySpliterator.tryAdvance(Unknown Source)
at java.util.stream.ReferencePipeline.forEachWithCancel(Unknown Source)
at java.util.stream.AbstractPipeline.copyIntoWithCancel(Unknown Source)
at java.util.stream.AbstractPipeline.copyInto(Unknown Source)
at java.util.stream.AbstractPipeline.wrapAndCopyInto(Unknown Source)
at java.util.stream.FindOps$FindOp.evaluateSequential(Unknown Source)
at java.util.stream.AbstractPipeline.evaluate(Unknown Source)
at java.util.stream.ReferencePipeline.findFirst(Unknown Source)
at org.openqa.selenium.remote.ProtocolHandshake.createSession(ProtocolHandshake.java:128)
at org.openqa.selenium.remote.ProtocolHandshake.createSession(ProtocolHandshake.java:74)
at org.openqa.selenium.remote.HttpCommandExecutor.execute(HttpCommandExecutor.java:136)
at org.openqa.selenium.remote.service.DriverCommandExecutor.execute(DriverCommandExecutor.java:83)
at org.openqa.selenium.remote.RemoteWebDriver.execute(RemoteWebDriver.java:552)
at org.openqa.selenium.remote.RemoteWebDriver.startSession(RemoteWebDriver.java:213)
at org.openqa.selenium.remote.RemoteWebDriver.<init>(RemoteWebDriver.java:131)
at org.openqa.selenium.chrome.ChromeDriver.<init>(ChromeDriver.java:181)
at org.openqa.selenium.chrome.ChromeDriver.<init>(ChromeDriver.java:168)
at org.openqa.selenium.chrome.ChromeDriver.<init>(ChromeDriver.java:123)
at com.odoo.generic.BrowserFactory.launchBrowser(BrowserFactory.java:17)
at com.odoo.generic.BaseLib.preCondition(BaseLib.java:18)
at java.util.ArrayList.forEach(Unknown Source)
... Removed 35 stack frames]]>
    </failure>
  </testcase> <!-- @BeforeMethod preCondition -->
  <testcase name="@AfterMethod postCondition" time="-1.59910689912E9" classname="com.odoo.generic.BaseLib">
    <skipped/>
  </testcase> <!-- @AfterMethod postCondition -->
  <testcase name="createPipeline" time="0.0" classname="com.odoo.scripts.CreatePipeline">
    <skipped/>
  </testcase> <!-- createPipeline -->
</testsuite> <!-- Test -->
