<!DOCTYPE html PUBLIC "-//W3C//DTD XHTML 1.1//EN" "http://www.w3.org/TR/xhtml11/DTD/xhtml11.dtd">
<html xmlns="http://www.w3.org/1999/xhtml">
<head>
<meta http-equiv="content-type" content="text/html; charset=UTF-8"/>
<title>TestNG Report</title>
<style type="text/css">table {margin-bottom:10px;border-collapse:collapse;empty-cells:show}th,td {border:1px solid #009;padding:.25em .5em}th {vertical-align:bottom}td {vertical-align:top}table a {font-weight:bold}.stripe td {background-color: #E6EBF9}.num {text-align:right}.passedodd td {background-color: #3F3}.passedeven td {background-color: #0A0}.skippedodd td {background-color: #DDD}.skippedeven td {background-color: #CCC}.failedodd td,.attn {background-color: #F33}.failedeven td,.stripe .attn {background-color: #D00}.stacktrace {white-space:pre;font-family:monospace}.totop {font-size:85%;text-align:center;border-bottom:2px solid #000}.invisible {display:none}</style>
</head>
<body>
<table>
<tr><th>Test</th><th># Passed</th><th># Skipped</th><th># Retried</th><th># Failed</th><th>Time (ms)</th><th>Included Groups</th><th>Excluded Groups</th></tr>
<tr><th colspan="8">Suite</th></tr>
<tr><td><a href="#t0">Test</a></td><td class="num">0</td><td class="num attn">1</td><td class="num">0</td><td class="num">0</td><td class="num">2,855</td><td></td><td></td></tr>
</table>
<table id='summary'><thead><tr><th>Class</th><th>Method</th><th>Start</th><th>Time (ms)</th></tr></thead><tbody><tr><th colspan="4">Suite</th></tr></tbody><tbody id="t0"><tr><th colspan="4">Test &#8212; failed (configuration methods)</th></tr><tr class="failedeven"><td rowspan="1">com.odoo.scripts.CreatePipeline</td><td><a href="#m0">preCondition</a></td><td rowspan="1">1599106896333</td><td rowspan="1">2762</td></tr><tr><th colspan="4">Test &#8212; skipped (configuration methods)</th></tr><tr class="skippedeven"><td rowspan="1">com.odoo.scripts.CreatePipeline</td><td><a href="#m1">postCondition</a></td><td rowspan="1">1599106899120</td><td rowspan="1">-1599106899120</td></tr><tr><th colspan="4">Test &#8212; skipped</th></tr><tr class="skippedeven"><td rowspan="1">com.odoo.scripts.CreatePipeline</td><td><a href="#m2">createPipeline</a></td><td rowspan="1">1599106899105</td><td rowspan="1">0</td></tr></tbody>
</table>
<h2>Test</h2><h3 id="m0">com.odoo.scripts.CreatePipeline#preCondition</h3><table class="result"><tr class="param"><th>Parameter #1</th><th>Parameter #2</th></tr><tr class="param stripe"><td>https://rodlox.odoo.com/web/login</td><td>chrome</td></tr><tr><th colspan="2">Exception</th></tr><tr><td colspan="2"><div class="stacktrace">org.openqa.selenium.SessionNotCreatedException: session not created: This version of ChromeDriver only supports Chrome version 83
Build info: version: &apos;3.141.59&apos;, revision: &apos;e82be7d358&apos;, time: &apos;2018-11-14T08:17:03&apos;
System info: host: &apos;ROBLOX-T110467&apos;, ip: &apos;192.168.29.59&apos;, os.name: &apos;Windows 10&apos;, os.arch: &apos;amd64&apos;, os.version: &apos;10.0&apos;, java.version: &apos;1.8.0_251&apos;
Driver info: driver.version: ChromeDriver
remote stacktrace: Backtrace:
	Ordinal0 [0x00DC9563+2725219]
	Ordinal0 [0x00CC8551+1672529]
	Ordinal0 [0x00BB0359+525145]
	Ordinal0 [0x00B40B77+68471]
	Ordinal0 [0x00B3D32C+54060]
	Ordinal0 [0x00B5CC37+183351]
	Ordinal0 [0x00B5CA3D+182845]
	Ordinal0 [0x00B5A94B+174411]
	Ordinal0 [0x00B42528+75048]
	Ordinal0 [0x00B435A0+79264]
	Ordinal0 [0x00B43539+79161]
	Ordinal0 [0x00CDD607+1758727]
	GetHandleVerifier [0x00EE6546+1050150]
	GetHandleVerifier [0x00EE6291+1049457]
	GetHandleVerifier [0x00EF10D7+1094071]
	GetHandleVerifier [0x00EE6B46+1051686]
	Ordinal0 [0x00CD5B06+1727238]
	Ordinal0 [0x00CDEB7B+1764219]
	Ordinal0 [0x00CDECE3+1764579]
	Ordinal0 [0x00CF4C05+1854469]
	BaseThreadInitThunk [0x767A6359+25]
	RtlGetAppContainerNamedObjectPath [0x778B7C24+228]
	RtlGetAppContainerNamedObjectPath [0x778B7BF4+180]

	at org.openqa.selenium.remote.W3CHandshakeResponse.lambda$errorHandler$0(W3CHandshakeResponse.java:62)
	at org.openqa.selenium.remote.HandshakeResponse.lambda$getResponseFunction$0(HandshakeResponse.java:30)
	at org.openqa.selenium.remote.ProtocolHandshake.lambda$createSession$0(ProtocolHandshake.java:126)
	at java.util.stream.ReferencePipeline$3$1.accept(Unknown Source)
	at java.util.Spliterators$ArraySpliterator.tryAdvance(Unknown Source)
	at java.util.stream.ReferencePipeline.forEachWithCancel(Unknown Source)
	at java.util.stream.AbstractPipeline.copyIntoWithCancel(Unknown Source)
	at java.util.stream.AbstractPipeline.copyInto(Unknown Source)
	at java.util.stream.AbstractPipeline.wrapAndCopyInto(Unknown Source)
	at java.util.stream.FindOps$FindOp.evaluateSequential(Unknown Source)
	at java.util.stream.AbstractPipeline.evaluate(Unknown Source)
	at java.util.stream.ReferencePipeline.findFirst(Unknown Source)
	at org.openqa.selenium.remote.ProtocolHandshake.createSession(ProtocolHandshake.java:128)
	at org.openqa.selenium.remote.ProtocolHandshake.createSession(ProtocolHandshake.java:74)
	at org.openqa.selenium.remote.HttpCommandExecutor.execute(HttpCommandExecutor.java:136)
	at org.openqa.selenium.remote.service.DriverCommandExecutor.execute(DriverCommandExecutor.java:83)
	at org.openqa.selenium.remote.RemoteWebDriver.execute(RemoteWebDriver.java:552)
	at org.openqa.selenium.remote.RemoteWebDriver.startSession(RemoteWebDriver.java:213)
	at org.openqa.selenium.remote.RemoteWebDriver.&lt;init&gt;(RemoteWebDriver.java:131)
	at org.openqa.selenium.chrome.ChromeDriver.&lt;init&gt;(ChromeDriver.java:181)
	at org.openqa.selenium.chrome.ChromeDriver.&lt;init&gt;(ChromeDriver.java:168)
	at org.openqa.selenium.chrome.ChromeDriver.&lt;init&gt;(ChromeDriver.java:123)
	at com.odoo.generic.BrowserFactory.launchBrowser(BrowserFactory.java:17)
	at com.odoo.generic.BaseLib.preCondition(BaseLib.java:18)
	at java.util.ArrayList.forEach(Unknown Source)
... Removed 35 stack frames</div></td></tr></table><p class="totop"><a href="#summary">back to summary</a></p>
<h3 id="m1">com.odoo.scripts.CreatePipeline#postCondition</h3><table class="result"><tr><th class="invisible"/></tr></table><p class="totop"><a href="#summary">back to summary</a></p>
<h3 id="m2">com.odoo.scripts.CreatePipeline#createPipeline</h3><table class="result"><tr><th>Messages</th></tr><tr><td><div class="messages">createPipelineTest Skipped<br/>Suite execution Finished atThu Sep 03 09:51:39 IST 2020<br/>Total test executed 1<br/>Total test passed 0<br/>Total test failed 0<br/>Total test skipped 1</div></td></tr><tr><th>Exception</th></tr><tr><td><div class="stacktrace">org.openqa.selenium.SessionNotCreatedException: session not created: This version of ChromeDriver only supports Chrome version 83
Build info: version: &apos;3.141.59&apos;, revision: &apos;e82be7d358&apos;, time: &apos;2018-11-14T08:17:03&apos;
System info: host: &apos;ROBLOX-T110467&apos;, ip: &apos;192.168.29.59&apos;, os.name: &apos;Windows 10&apos;, os.arch: &apos;amd64&apos;, os.version: &apos;10.0&apos;, java.version: &apos;1.8.0_251&apos;
Driver info: driver.version: ChromeDriver
remote stacktrace: Backtrace:
	Ordinal0 [0x00DC9563+2725219]
	Ordinal0 [0x00CC8551+1672529]
	Ordinal0 [0x00BB0359+525145]
	Ordinal0 [0x00B40B77+68471]
	Ordinal0 [0x00B3D32C+54060]
	Ordinal0 [0x00B5CC37+183351]
	Ordinal0 [0x00B5CA3D+182845]
	Ordinal0 [0x00B5A94B+174411]
	Ordinal0 [0x00B42528+75048]
	Ordinal0 [0x00B435A0+79264]
	Ordinal0 [0x00B43539+79161]
	Ordinal0 [0x00CDD607+1758727]
	GetHandleVerifier [0x00EE6546+1050150]
	GetHandleVerifier [0x00EE6291+1049457]
	GetHandleVerifier [0x00EF10D7+1094071]
	GetHandleVerifier [0x00EE6B46+1051686]
	Ordinal0 [0x00CD5B06+1727238]
	Ordinal0 [0x00CDEB7B+1764219]
	Ordinal0 [0x00CDECE3+1764579]
	Ordinal0 [0x00CF4C05+1854469]
	BaseThreadInitThunk [0x767A6359+25]
	RtlGetAppContainerNamedObjectPath [0x778B7C24+228]
	RtlGetAppContainerNamedObjectPath [0x778B7BF4+180]

	at org.openqa.selenium.remote.W3CHandshakeResponse.lambda$errorHandler$0(W3CHandshakeResponse.java:62)
	at org.openqa.selenium.remote.HandshakeResponse.lambda$getResponseFunction$0(HandshakeResponse.java:30)
	at org.openqa.selenium.remote.ProtocolHandshake.lambda$createSession$0(ProtocolHandshake.java:126)
	at java.util.stream.ReferencePipeline$3$1.accept(Unknown Source)
	at java.util.Spliterators$ArraySpliterator.tryAdvance(Unknown Source)
	at java.util.stream.ReferencePipeline.forEachWithCancel(Unknown Source)
	at java.util.stream.AbstractPipeline.copyIntoWithCancel(Unknown Source)
	at java.util.stream.AbstractPipeline.copyInto(Unknown Source)
	at java.util.stream.AbstractPipeline.wrapAndCopyInto(Unknown Source)
	at java.util.stream.FindOps$FindOp.evaluateSequential(Unknown Source)
	at java.util.stream.AbstractPipeline.evaluate(Unknown Source)
	at java.util.stream.ReferencePipeline.findFirst(Unknown Source)
	at org.openqa.selenium.remote.ProtocolHandshake.createSession(ProtocolHandshake.java:128)
	at org.openqa.selenium.remote.ProtocolHandshake.createSession(ProtocolHandshake.java:74)
	at org.openqa.selenium.remote.HttpCommandExecutor.execute(HttpCommandExecutor.java:136)
	at org.openqa.selenium.remote.service.DriverCommandExecutor.execute(DriverCommandExecutor.java:83)
	at org.openqa.selenium.remote.RemoteWebDriver.execute(RemoteWebDriver.java:552)
	at org.openqa.selenium.remote.RemoteWebDriver.startSession(RemoteWebDriver.java:213)
	at org.openqa.selenium.remote.RemoteWebDriver.&lt;init&gt;(RemoteWebDriver.java:131)
	at org.openqa.selenium.chrome.ChromeDriver.&lt;init&gt;(ChromeDriver.java:181)
	at org.openqa.selenium.chrome.ChromeDriver.&lt;init&gt;(ChromeDriver.java:168)
	at org.openqa.selenium.chrome.ChromeDriver.&lt;init&gt;(ChromeDriver.java:123)
	at com.odoo.generic.BrowserFactory.launchBrowser(BrowserFactory.java:17)
	at com.odoo.generic.BaseLib.preCondition(BaseLib.java:18)
	at java.util.ArrayList.forEach(Unknown Source)
... Removed 35 stack frames</div></td></tr></table><p class="totop"><a href="#summary">back to summary</a></p>
</body>
</html>
